<?xml version="1.0" encoding="UTF-8"?>
<!-- Generated by org.testng.reporters.JUnitReportReporter -->
<testsuite skipped="0" hostname="IN5CD8052Q0G" name="testPP.Test1" tests="2" failures="0" timestamp="24 Dec 2018 11:21:10 GMT" time="14.302" errors="0">
  <testcase name="executSessionOne" time="8.053" classname="testPP.Test1"/>
  <testcase name="executeSessionTwo" time="6.249" classname="testPP.Test1"/>
</testsuite> <!-- testPP.Test1 -->
