<?xml version="1.0" encoding="UTF-8"?>
<!-- Generated by org.testng.reporters.JUnitReportReporter -->
<testsuite skipped="0" hostname="IN5CD8052Q0G" name="testPP.Test1" tests="2" failures="0" timestamp="25 Dec 2018 03:35:46 GMT" time="13.012" errors="0">
  <testcase name="executSessionOne" time="8.407" classname="testPP.Test1"/>
  <testcase name="executeSessionTwo" time="4.605" classname="testPP.Test1"/>
</testsuite> <!-- testPP.Test1 -->
