<?xml version="1.0" encoding="UTF-8"?>
<!-- Generated by org.testng.reporters.JUnitReportReporter -->
<testsuite skipped="0" hostname="IN5CD8052Q0G" name="tests.TestScriptsAmazon" tests="1" failures="0" timestamp="14 Feb 2019 17:59:59 GMT" time="21.660" errors="0">
  <testcase name="TC0_Hover_TestToolTip" time="21.660" classname="tests.TestScriptsAmazon"/>
</testsuite> <!-- tests.TestScriptsAmazon -->
