<?xml version="1.0" encoding="UTF-8"?>
<!-- Generated by org.testng.reporters.JUnitReportReporter -->
<testsuite skipped="0" hostname="IN5CD8052Q0G" name="tests.TestScriptsAmazon" tests="1" failures="0" timestamp="05 Feb 2019 11:39:17 GMT" time="17.347" errors="0">
  <testcase name="TC1_SearchItem_AddToCart" time="17.347" classname="tests.TestScriptsAmazon"/>
</testsuite> <!-- tests.TestScriptsAmazon -->
