<?xml version="1.0" encoding="UTF-8"?>
<!-- Generated by org.testng.reporters.JUnitReportReporter -->
<testsuite skipped="0" hostname="IN5CD8052Q0G" name="tests.TestScripts" tests="4" failures="0" timestamp="16 Jan 2019 06:03:47 GMT" time="35.402" errors="0">
  <testcase name="TC3_SelectStoryBook" time="8.193" classname="tests.TestScripts"/>
  <testcase name="TC4_SelectStoryBook" time="7.277" classname="tests.TestScripts"/>
  <testcase name="TC1_SearchItem_AddToCart" time="9.538" classname="tests.TestScripts"/>
  <testcase name="TC2_Checkout_PayByDelivery" time="10.394" classname="tests.TestScripts"/>
</testsuite> <!-- tests.TestScripts -->
