<?xml version="1.0" encoding="UTF-8"?>
<!-- Generated by org.testng.reporters.JUnitReportReporter -->
<testsuite skipped="0" hostname="IN5CD8052Q0G" name="testPP.TestBrowserStack" tests="2" failures="0" timestamp="09 Jan 2019 05:36:58 GMT" time="39.150" errors="0">
  <testcase name="executeSessionTwo" time="20.735" classname="testPP.TestBrowserStack"/>
  <testcase name="executSessionOne" time="18.415" classname="testPP.TestBrowserStack"/>
</testsuite> <!-- testPP.TestBrowserStack -->
